<?xml version="1.0" encoding="UTF-8"?>
<!-- Generated by org.testng.reporters.JUnitReportReporter -->
<testsuite skipped="0" hostname="DESKTOP-QNVRCLN" name="Selenium.project.google_Search" tests="1" failures="0" timestamp="2022-01-30T23:24:04 IST" time="35.334" errors="0">
  <testcase name="Test" time="35.334" classname="Selenium.project.google_Search"/>
  <system-out/>
</testsuite> <!-- Selenium.project.google_Search -->
